<?xml version="1.0" encoding="UTF-8"?>
<!-- Generated by org.testng.reporters.JUnitXMLReporter -->
<testsuite hostname="DESKTOP-ADGURQB" ignored="0" name="All the classes" tests="15" failures="0" timestamp="2020-03-20T13:42:33 EET" time="0.143" errors="0">
  <testcase name="class3method1" time="0.008" classname="playground.aTreiaClasa"/>
  <testcase name="class3method2" time="0.002" classname="playground.aTreiaClasa"/>
  <testcase name="class3method3" time="0.004" classname="playground.aTreiaClasa"/>
  <testcase name="class3method4" time="0.004" classname="playground.aTreiaClasa"/>
  <testcase name="class2method1" time="0.003" classname="playground.aDouaClasa"/>
  <testcase name="class2method2" time="0.005" classname="playground.aDouaClasa"/>
  <testcase name="class2method4" time="0.003" classname="playground.aDouaClasa"/>
  <testcase name="class2method3" time="0.001" classname="playground.aDouaClasa"/>
  <testcase name="class4method1" time="0.001" classname="playground.aPatraClasa"/>
  <testcase name="class4method2" time="0.002" classname="playground.aPatraClasa"/>
  <testcase name="class4method3" time="0.0" classname="playground.aPatraClasa"/>
  <testcase name="class4method4" time="0.001" classname="playground.aPatraClasa"/>
  <testcase name="class1method1" time="0.001" classname="playground.primaClasa"/>
  <testcase name="class1method3" time="0.003" classname="playground.primaClasa"/>
  <testcase name="class1method4" time="0.001" classname="playground.primaClasa"/>
</testsuite> <!-- All the classes -->
