<?xml version="1.0" encoding="UTF-8"?>
<!-- Generated by org.testng.reporters.JUnitXMLReporter -->
<testsuite hostname="DESKTOP-ADGURQB" ignored="12" name="All the classes" tests="4" failures="1" timestamp="2020-03-23T13:10:01 EET" time="0.128" errors="0">
  <testcase name="class3method2" time="0.019" classname="playground.ThirdClass"/>
  <testcase name="class2method1" time="0.002" classname="playground.SecondClass"/>
  <testcase name="class4method1" time="0.001" classname="playground.FourthClass"/>
  <testcase name="class1method1" time="0.01" classname="playground.FirstClass">
    <failure type="java.lang.AssertionError" message="did not expect to find [true] but found [false]">
      <![CDATA[java.lang.AssertionError: did not expect to find [true] but found [false]
at playground.FirstClass.class1method1(FirstClass.java:41)
at java.util.ArrayList.forEach(Unknown Source)
... Removed 31 stack frames]]>
    </failure>
  </testcase> <!-- class1method1 -->
  <testcase name="class2method3" time="0.0" classname="playground.SecondClass">
    <ignored/>
  </testcase> <!-- class2method3 -->
  <testcase name="class2method4" time="0.0" classname="playground.SecondClass">
    <ignored/>
  </testcase> <!-- class2method4 -->
  <testcase name="class1method2" time="0.0" classname="playground.FirstClass">
    <ignored/>
  </testcase> <!-- class1method2 -->
  <testcase name="class1method3" time="0.0" classname="playground.FirstClass">
    <ignored/>
  </testcase> <!-- class1method3 -->
  <testcase name="class1method4" time="0.0" classname="playground.FirstClass">
    <ignored/>
  </testcase> <!-- class1method4 -->
  <testcase name="class3method4" time="0.0" classname="playground.ThirdClass">
    <ignored/>
  </testcase> <!-- class3method4 -->
  <testcase name="class3method1" time="0.0" classname="playground.ThirdClass">
    <ignored/>
  </testcase> <!-- class3method1 -->
  <testcase name="class4method4" time="0.0" classname="playground.FourthClass">
    <ignored/>
  </testcase> <!-- class4method4 -->
  <testcase name="class2method2" time="0.0" classname="playground.SecondClass">
    <ignored/>
  </testcase> <!-- class2method2 -->
  <testcase name="class3method3" time="0.0" classname="playground.ThirdClass">
    <ignored/>
  </testcase> <!-- class3method3 -->
  <testcase name="class4method2" time="0.0" classname="playground.FourthClass">
    <ignored/>
  </testcase> <!-- class4method2 -->
  <testcase name="class4method3" time="0.0" classname="playground.FourthClass">
    <ignored/>
  </testcase> <!-- class4method3 -->
</testsuite> <!-- All the classes -->
