<?xml version="1.0" encoding="UTF-8"?>
<!-- Generated by org.testng.reporters.JUnitXMLReporter -->
<testsuite hostname="DESKTOP-ADGURQB" ignored="2" name="Clasa a doua" tests="2" failures="0" timestamp="2020-03-20T13:31:23 EET" time="0.025" errors="0">
  <testcase name="class2method2" time="0.007" classname="playground.aDouaClasa"/>
  <testcase name="class2method4" time="0.006" classname="playground.aDouaClasa"/>
  <testcase name="class2method3" time="0.0" classname="playground.aDouaClasa">
    <ignored/>
  </testcase> <!-- class2method3 -->
  <testcase name="class2method1" time="0.0" classname="playground.aDouaClasa">
    <ignored/>
  </testcase> <!-- class2method1 -->
</testsuite> <!-- Clasa a doua -->
