<?xml version="1.0" encoding="UTF-8"?>
<!-- Generated by org.testng.reporters.JUnitXMLReporter -->
<testsuite hostname="DESKTOP-ADGURQB" ignored="2" name="Clasa a doua" tests="1" failures="0" timestamp="2020-03-20T14:45:18 EET" time="0.02" errors="0">
  <testcase name="class2method4" time="0.003" classname="playground.aDouaClasa"/>
  <testcase name="class2method3" time="0.0" classname="playground.aDouaClasa">
    <ignored/>
  </testcase> <!-- class2method3 -->
  <testcase name="class2method1" time="0.0" classname="playground.aDouaClasa">
    <ignored/>
  </testcase> <!-- class2method1 -->
</testsuite> <!-- Clasa a doua -->
