<?xml version="1.0" encoding="UTF-8"?>
<!-- Generated by org.testng.reporters.JUnitXMLReporter -->
<testsuite hostname="DESKTOP-ADGURQB" ignored="2" name="Prima Clasa " tests="1" failures="0" timestamp="2020-03-20T13:31:23 EET" time="0.061" errors="0">
  <testcase name="class1method1" time="0.011" classname="playground.primaClasa"/>
  <testcase name="class1method3" time="0.0" classname="playground.primaClasa">
    <ignored/>
  </testcase> <!-- class1method3 -->
  <testcase name="class1method4" time="0.0" classname="playground.primaClasa">
    <ignored/>
  </testcase> <!-- class1method4 -->
</testsuite> <!-- Prima Clasa  -->
