<?xml version="1.0" encoding="UTF-8"?>
<!-- Generated by org.testng.reporters.JUnitXMLReporter -->
<testsuite hostname="DESKTOP-ADGURQB" ignored="0" name="Prima Clasa " tests="4" failures="0" timestamp="2020-03-20T14:59:30 EET" time="0.151" errors="0">
  <testcase name="class1method1" time="0.015" classname="playground.primaClasa"/>
  <testcase name="class1method2" time="0.005" classname="playground.primaClasa"/>
  <testcase name="class1method3" time="0.006" classname="playground.primaClasa"/>
  <testcase name="class1method4" time="0.015" classname="playground.primaClasa"/>
</testsuite> <!-- Prima Clasa  -->
