<?xml version="1.0" encoding="UTF-8"?>
<!-- Generated by org.testng.reporters.JUnitXMLReporter -->
<testsuite hostname="DESKTOP-ADGURQB" ignored="0" name="rest of the classes" tests="8" failures="0" timestamp="2020-03-20T13:31:23 EET" time="0.071" errors="0">
  <testcase name="class3method1" time="0.002" classname="playground.aTreiaClasa"/>
  <testcase name="class3method2" time="0.002" classname="playground.aTreiaClasa"/>
  <testcase name="class3method3" time="0.004" classname="playground.aTreiaClasa"/>
  <testcase name="class3method4" time="0.001" classname="playground.aTreiaClasa"/>
  <testcase name="class4method1" time="0.002" classname="playground.aPatraClasa"/>
  <testcase name="class4method2" time="0.002" classname="playground.aPatraClasa"/>
  <testcase name="class4method3" time="0.004" classname="playground.aPatraClasa"/>
  <testcase name="class4method4" time="0.004" classname="playground.aPatraClasa"/>
</testsuite> <!-- rest of the classes -->
